
assembler.o:     file format elf64-x86-64

RELOCATION RECORDS FOR [.text]:
OFFSET           TYPE              VALUE 
000000000000005a R_X86_64_32S      InstrTable
0000000000000069 R_X86_64_PLT32    strcmp-0x0000000000000004
0000000000000085 R_X86_64_32S      InstrTable
00000000000000fb R_X86_64_PC32     .bss-0x0000000000000004
000000000000010b R_X86_64_32S      InstrTable
000000000000011a R_X86_64_PLT32    strcpy-0x0000000000000004
0000000000000120 R_X86_64_PC32     .bss-0x0000000000000004
0000000000000130 R_X86_64_32S      InstrTable+0x0000000000001000
000000000000013b R_X86_64_PC32     .bss-0x0000000000000004
000000000000014b R_X86_64_32S      InstrTable+0x0000000000001004
0000000000000156 R_X86_64_PC32     .bss-0x0000000000000004
000000000000015f R_X86_64_PC32     .bss-0x0000000000000004
0000000000000168 R_X86_64_PC32     .bss-0x0000000000000004
00000000000001a0 R_X86_64_32S      InstrTable+0x0000000000000008
00000000000001ba R_X86_64_32       .rodata
00000000000001bf R_X86_64_PLT32    AddInstr-0x0000000000000004
00000000000001d6 R_X86_64_PLT32    SetInstrOprandType-0x0000000000000004
00000000000001ea R_X86_64_PLT32    SetInstrOprandType-0x0000000000000004
00000000000001f9 R_X86_64_32       .rodata+0x0000000000000005
00000000000001fe R_X86_64_PLT32    AddInstr-0x0000000000000004
0000000000000215 R_X86_64_PLT32    SetInstrOprandType-0x0000000000000004
0000000000000229 R_X86_64_PLT32    SetInstrOprandType-0x0000000000000004
0000000000000238 R_X86_64_32       .rodata+0x000000000000000a
000000000000023d R_X86_64_PLT32    AddInstr-0x0000000000000004
0000000000000254 R_X86_64_PLT32    SetInstrOprandType-0x0000000000000004
0000000000000263 R_X86_64_32       .rodata+0x0000000000000010
0000000000000268 R_X86_64_PLT32    AddInstr-0x0000000000000004
000000000000027f R_X86_64_PLT32    SetInstrOprandType-0x0000000000000004
000000000000028e R_X86_64_32       .rodata+0x0000000000000015
0000000000000293 R_X86_64_PLT32    AddInstr-0x0000000000000004
00000000000002aa R_X86_64_PLT32    SetInstrOprandType-0x0000000000000004
00000000000002be R_X86_64_PLT32    SetInstrOprandType-0x0000000000000004
00000000000002cd R_X86_64_32       .rodata+0x000000000000001a
00000000000002d2 R_X86_64_PLT32    AddInstr-0x0000000000000004
00000000000002e9 R_X86_64_PLT32    SetInstrOprandType-0x0000000000000004
00000000000002f8 R_X86_64_32       .rodata+0x000000000000001e
00000000000002fd R_X86_64_PLT32    AddInstr-0x0000000000000004
0000000000000314 R_X86_64_PLT32    SetInstrOprandType-0x0000000000000004
0000000000000323 R_X86_64_32       .rodata+0x0000000000000023
0000000000000328 R_X86_64_PLT32    AddInstr-0x0000000000000004
0000000000000338 R_X86_64_PC32     instrStreamIndex-0x0000000000000008
0000000000000346 R_X86_64_PLT32    MALLOC-0x0000000000000004
000000000000034d R_X86_64_PC32     StringTable-0x0000000000000004
0000000000000357 R_X86_64_PLT32    MALLOC-0x0000000000000004
000000000000035e R_X86_64_PC32     SymbolTable-0x0000000000000004
0000000000000368 R_X86_64_PLT32    MALLOC-0x0000000000000004
000000000000036f R_X86_64_PC32     LineLabelTable-0x0000000000000004
0000000000000379 R_X86_64_PLT32    MALLOC-0x0000000000000004
0000000000000380 R_X86_64_PC32     FunctionTable-0x0000000000000004
000000000000038a R_X86_64_PLT32    MALLOC-0x0000000000000004
0000000000000391 R_X86_64_PC32     VariableTable-0x0000000000000004
0000000000000398 R_X86_64_PC32     lexer-0x0000000000000004
00000000000003a6 R_X86_64_PC32     currentLabel-0x0000000000000008
00000000000003b4 R_X86_64_PLT32    InitInstrTable-0x0000000000000004
00000000000003be R_X86_64_PLT32    MALLOC-0x0000000000000004
00000000000003c5 R_X86_64_PC32     gScriptHeader-0x0000000000000004
00000000000003cc R_X86_64_PC32     gScriptHeader-0x0000000000000004
00000000000003e1 R_X86_64_PC32     gScriptHeader-0x0000000000000004
00000000000003f2 R_X86_64_PC32     gScriptHeader-0x0000000000000004
00000000000004df R_X86_64_PLT32    strlen-0x0000000000000004
0000000000000505 R_X86_64_PLT32    IsCharNumeric-0x0000000000000004
000000000000058f R_X86_64_PLT32    strlen-0x0000000000000004
00000000000005b9 R_X86_64_PLT32    IsCharIdent-0x0000000000000004
00000000000005c8 R_X86_64_PLT32    IsCharNumeric-0x0000000000000004
00000000000005f6 R_X86_64_PLT32    IsCharNumeric-0x0000000000000004
0000000000000620 R_X86_64_PLT32    strlen-0x0000000000000004
0000000000000658 R_X86_64_PLT32    IsCharIdent-0x0000000000000004
000000000000068e R_X86_64_PLT32    strlen-0x0000000000000004
00000000000006b4 R_X86_64_PLT32    IsStringInt-0x0000000000000004
00000000000006e5 R_X86_64_PLT32    strlen-0x0000000000000004
000000000000070b R_X86_64_PLT32    IsWhitespace-0x0000000000000004
00000000000007a5 R_X86_64_PLT32    IsWhitespace-0x0000000000000004
00000000000007e6 R_X86_64_PC32     lexer-0x0000000000000004
00000000000007f6 R_X86_64_PC32     lexer-0x0000000000000004
0000000000000804 R_X86_64_PC32     lexer-0x0000000000000004
000000000000080e R_X86_64_PC32     lexer-0x0000000000000004
0000000000000823 R_X86_64_PC32     lexer-0x0000000000000004
0000000000000838 R_X86_64_PC32     lexer-0x0000000000000004
0000000000000845 R_X86_64_PC32     lexer-0x0000000000000004
0000000000000852 R_X86_64_PC32     lexer-0x0000000000000004
0000000000000860 R_X86_64_PC32     sourceCode-0x0000000000000004
0000000000000886 R_X86_64_PLT32    strlen-0x0000000000000004
00000000000008a9 R_X86_64_PLT32    IsWhitespace-0x0000000000000004
00000000000008bb R_X86_64_PC32     sourceCode-0x0000000000000004
00000000000008ef R_X86_64_PLT32    MALLOC-0x0000000000000004
00000000000008fa R_X86_64_PC32     lexer-0x0000000000000004
0000000000000950 R_X86_64_PLT32    GetNextTokenExceptNewLine-0x0000000000000004
000000000000095a R_X86_64_PC32     lexer-0x0000000000000004
00000000000009c5 R_X86_64_PLT32    MALLOC-0x0000000000000004
0000000000000a4c R_X86_64_PLT32    MALLOC-0x0000000000000004
0000000000000a63 R_X86_64_PLT32    strcpy-0x0000000000000004
0000000000000a7d R_X86_64_PLT32    strcpy-0x0000000000000004
0000000000000a84 R_X86_64_PC32     StringTable-0x0000000000000004
0000000000000a93 R_X86_64_PLT32    AddNode-0x0000000000000004
0000000000000ac1 R_X86_64_PLT32    MALLOC-0x0000000000000004
0000000000000ad8 R_X86_64_PLT32    strcpy-0x0000000000000004
0000000000000aec R_X86_64_PC32     VariableTable-0x0000000000000004
0000000000000afb R_X86_64_PLT32    AddNode-0x0000000000000004
0000000000000b23 R_X86_64_PC32     StringTable-0x0000000000000004
0000000000000b31 R_X86_64_PC32     StringTable-0x0000000000000004
0000000000000b5e R_X86_64_PLT32    strcmp-0x0000000000000004
0000000000000b9a R_X86_64_PC32     VariableTable-0x0000000000000004
0000000000000ba8 R_X86_64_PC32     VariableTable-0x0000000000000004
0000000000000bd5 R_X86_64_PLT32    strcmp-0x0000000000000004
0000000000000c11 R_X86_64_PC32     FunctionTable-0x0000000000000004
0000000000000c2b R_X86_64_PC32     FunctionTable-0x0000000000000004
0000000000000c59 R_X86_64_PLT32    strcmp-0x0000000000000004
0000000000000c98 R_X86_64_PC32     FunctionTable-0x0000000000000004
0000000000000ce7 R_X86_64_PLT32    MALLOC-0x0000000000000004
0000000000000d0c R_X86_64_PLT32    strcpy-0x0000000000000004
0000000000000d13 R_X86_64_PC32     FunctionTable-0x0000000000000004
0000000000000d22 R_X86_64_PLT32    AddNode-0x0000000000000004
0000000000000d4a R_X86_64_PC32     LineLabelTable-0x0000000000000004
0000000000000d64 R_X86_64_PC32     LineLabelTable-0x0000000000000004
0000000000000d92 R_X86_64_PLT32    strcmp-0x0000000000000004
0000000000000dc9 R_X86_64_PC32     LineLabelTable-0x0000000000000004
0000000000000de3 R_X86_64_PC32     LineLabelTable-0x0000000000000004
0000000000000e47 R_X86_64_PLT32    MALLOC-0x0000000000000004
0000000000000e5e R_X86_64_PLT32    strcpy-0x0000000000000004
0000000000000e7f R_X86_64_PC32     LineLabelTable-0x0000000000000004
0000000000000e8e R_X86_64_PLT32    AddNode-0x0000000000000004
0000000000000ec3 R_X86_64_PLT32    MALLOC-0x0000000000000004
0000000000000eda R_X86_64_PLT32    strcpy-0x0000000000000004
0000000000000f0a R_X86_64_PC32     SymbolTable-0x0000000000000004
0000000000000f19 R_X86_64_PLT32    AddNode-0x0000000000000004
0000000000000f34 R_X86_64_PC32     SymbolTable-0x0000000000000004
0000000000000f42 R_X86_64_PC32     SymbolTable-0x0000000000000004
0000000000000f6f R_X86_64_PLT32    strcmp-0x0000000000000004
0000000000000fa7 R_X86_64_PC32     sourceCode-0x0000000000000004
0000000000000fae R_X86_64_PC32     lexer-0x0000000000000004
0000000000000fc5 R_X86_64_PLT32    strlen-0x0000000000000004
0000000000000fcf R_X86_64_PC32     lexer-0x0000000000000004
0000000000000fd6 R_X86_64_PC32     lexer-0x0000000000000004
0000000000000fe3 R_X86_64_PC32     lexer-0x0000000000000004
0000000000000ff1 R_X86_64_PC32     lexer-0x0000000000000004
0000000000000ffe R_X86_64_PC32     lexer-0x0000000000000004
0000000000001010 R_X86_64_PLT32    SkipToNewline-0x0000000000000004
000000000000101e R_X86_64_32       .rodata+0x0000000000000027
0000000000001023 R_X86_64_PLT32    puts-0x0000000000000004
0000000000001034 R_X86_64_PC32     lexer-0x0000000000000004
000000000000103e R_X86_64_PC32     lexer-0x0000000000000004
0000000000001050 R_X86_64_PC32     lexer-0x0000000000000004
0000000000001062 R_X86_64_PC32     sourceCode-0x0000000000000004
0000000000001069 R_X86_64_PC32     lexer-0x0000000000000004
0000000000001084 R_X86_64_PC32     sourceCode-0x0000000000000004
000000000000108b R_X86_64_PC32     lexer-0x0000000000000004
00000000000010a1 R_X86_64_PC32     lexer-0x0000000000000004
00000000000010ba R_X86_64_PLT32    SkipToNewline-0x0000000000000004
00000000000010cc R_X86_64_32       .rodata+0x0000000000000036
00000000000010d1 R_X86_64_PLT32    puts-0x0000000000000004
00000000000010e9 R_X86_64_PC32     sourceCode-0x0000000000000004
00000000000010f0 R_X86_64_PC32     lexer-0x0000000000000004
0000000000001107 R_X86_64_PLT32    strlen-0x0000000000000004
0000000000001111 R_X86_64_PC32     lexer-0x0000000000000004
000000000000111f R_X86_64_PC32     lexer-0x0000000000000004
000000000000112e R_X86_64_PC32     sourceCode-0x0000000000000004
0000000000001135 R_X86_64_PC32     lexer-0x0000000000000004
0000000000001159 R_X86_64_PLT32    IsWhitespace-0x0000000000000004
0000000000001164 R_X86_64_PC32     lexer-0x0000000000000004
000000000000117f R_X86_64_PC32     lexer-0x0000000000000004
0000000000001186 R_X86_64_PC32     lexer-0x0000000000000004
0000000000001193 R_X86_64_PC32     lexer-0x0000000000000004
00000000000011a5 R_X86_64_PC32     lexer-0x0000000000000004
00000000000011b3 R_X86_64_PC32     sourceCode-0x0000000000000004
00000000000011ba R_X86_64_PC32     lexer-0x0000000000000004
00000000000011de R_X86_64_PLT32    IsCharDelimeter-0x0000000000000004
00000000000011e9 R_X86_64_PC32     lexer-0x0000000000000004
00000000000011f8 R_X86_64_PC32     sourceCode-0x0000000000000004
00000000000011ff R_X86_64_PC32     lexer-0x0000000000000004
0000000000001224 R_X86_64_PC32     lexer-0x0000000000000004
0000000000001243 R_X86_64_PC32     lexer-0x0000000000000004
0000000000001250 R_X86_64_PC32     lexer-0x0000000000000004
000000000000125a R_X86_64_PC32     lexer-0x0000000000000004
0000000000001268 R_X86_64_PC32     lexer-0x0000000000000004
0000000000001278 R_X86_64_PC32     lexer-0x0000000000000004
000000000000128f R_X86_64_PC32     lexer-0x0000000000000004
00000000000012a5 R_X86_64_PLT32    memset-0x0000000000000004
00000000000012ac R_X86_64_PC32     lexer-0x0000000000000004
00000000000012bb R_X86_64_PC32     sourceCode-0x0000000000000004
00000000000012c2 R_X86_64_PC32     lexer-0x0000000000000004
00000000000012e1 R_X86_64_PC32     lexer-0x0000000000000004
0000000000001306 R_X86_64_PC32     lexer-0x0000000000000004
0000000000001317 R_X86_64_PC32     lexer-0x0000000000000004
0000000000001323 R_X86_64_PLT32    strlen-0x0000000000000004
0000000000001330 R_X86_64_PC32     lexer-0x0000000000000004
000000000000133e R_X86_64_PC32     lexer-0x0000000000000004
000000000000134c R_X86_64_PC32     lexer-0x0000000000000004
000000000000135b R_X86_64_PC32     lexer-0x0000000000000004
0000000000001369 R_X86_64_PC32     lexer-0x0000000000000004
0000000000001375 R_X86_64_PLT32    strlen-0x0000000000000004
0000000000001386 R_X86_64_PC32     lexer-0x0000000000000004
0000000000001395 R_X86_64_PC32     lexer-0x0000000000000004
00000000000013a9 R_X86_64_PC32     lexer-0x0000000000000004
00000000000013b8 R_X86_64_PC32     lexer-0x0000000000000004
00000000000013c6 R_X86_64_PC32     lexer-0x0000000000000004
00000000000013d9 R_X86_64_PC32     lexer-0x0000000000000004
00000000000013e8 R_X86_64_PC32     lexer-0x0000000000000004
00000000000013fb R_X86_64_PC32     lexer-0x0000000000000004
000000000000140a R_X86_64_PC32     lexer-0x0000000000000004
000000000000141d R_X86_64_PC32     lexer-0x0000000000000004
000000000000142c R_X86_64_PC32     lexer-0x0000000000000004
000000000000143c R_X86_64_PC32     lexer-0x0000000000000004
000000000000144b R_X86_64_PC32     lexer-0x0000000000000004
000000000000145b R_X86_64_PC32     lexer-0x0000000000000004
000000000000146a R_X86_64_PC32     lexer-0x0000000000000004
000000000000147a R_X86_64_PC32     lexer-0x0000000000000004
0000000000001489 R_X86_64_PC32     lexer-0x0000000000000004
0000000000001499 R_X86_64_PC32     lexer-0x0000000000000004
00000000000014a8 R_X86_64_PC32     lexer-0x0000000000000004
00000000000014b6 R_X86_64_PC32     lexer-0x0000000000000004
00000000000014c2 R_X86_64_PLT32    IsStringInt-0x0000000000000004
00000000000014cd R_X86_64_PC32     lexer-0x0000000000000004
00000000000014db R_X86_64_PC32     lexer-0x0000000000000004
00000000000014e7 R_X86_64_PLT32    IsStringIdent-0x0000000000000004
00000000000014f2 R_X86_64_PC32     lexer-0x0000000000000004
0000000000001500 R_X86_64_PC32     lexer-0x0000000000000004
000000000000150c R_X86_64_PLT32    IsRegister-0x0000000000000004
0000000000001517 R_X86_64_PC32     lexer-0x0000000000000004
0000000000001525 R_X86_64_PC32     lexer-0x0000000000000004
0000000000001531 R_X86_64_PLT32    IsImmediateOperand-0x0000000000000004
000000000000153c R_X86_64_PC32     lexer-0x0000000000000004
000000000000154a R_X86_64_PC32     lexer-0x0000000000000004
0000000000001553 R_X86_64_32       .rodata+0x0000000000000046
000000000000155b R_X86_64_PLT32    strcmp-0x0000000000000004
0000000000001566 R_X86_64_PC32     lexer-0x0000000000000004
0000000000001574 R_X86_64_PC32     lexer-0x0000000000000004
000000000000157d R_X86_64_32       .rodata+0x000000000000004c
0000000000001585 R_X86_64_PLT32    strcmp-0x0000000000000004
0000000000001590 R_X86_64_PC32     lexer-0x0000000000000004
000000000000159e R_X86_64_PC32     lexer-0x0000000000000004
00000000000015a7 R_X86_64_32       .rodata+0x0000000000000052
00000000000015af R_X86_64_PLT32    strcmp-0x0000000000000004
00000000000015ba R_X86_64_PC32     lexer-0x0000000000000004
00000000000015c8 R_X86_64_PC32     lexer-0x0000000000000004
00000000000015d1 R_X86_64_32       .rodata+0x0000000000000058
00000000000015d9 R_X86_64_PLT32    strcmp-0x0000000000000004
00000000000015e4 R_X86_64_PC32     lexer-0x0000000000000004
00000000000015f2 R_X86_64_PC32     lexer-0x0000000000000004
00000000000015fb R_X86_64_32       .rodata+0x000000000000005f
0000000000001603 R_X86_64_PLT32    strcmp-0x0000000000000004
000000000000160e R_X86_64_PC32     lexer-0x0000000000000004
000000000000161c R_X86_64_PC32     lexer-0x0000000000000004
0000000000001625 R_X86_64_32       .rodata+0x0000000000000065
000000000000162d R_X86_64_PLT32    strcmp-0x0000000000000004
0000000000001638 R_X86_64_PC32     lexer-0x0000000000000004
0000000000001646 R_X86_64_PC32     lexer-0x0000000000000004
000000000000164f R_X86_64_32       .rodata+0x000000000000006d
0000000000001657 R_X86_64_PLT32    strcmp-0x0000000000000004
0000000000001662 R_X86_64_PC32     lexer-0x0000000000000004
0000000000001670 R_X86_64_PC32     lexer-0x0000000000000004
0000000000001687 R_X86_64_PLT32    GetNextToken-0x0000000000000004
0000000000001696 R_X86_64_PLT32    GetNextToken-0x0000000000000004
00000000000016b6 R_X86_64_PLT32    MALLOC-0x0000000000000004
00000000000016c1 R_X86_64_PC32     lexer-0x0000000000000004
00000000000016d4 R_X86_64_PLT32    strcpy-0x0000000000000004
00000000000016f2 R_X86_64_PLT32    strlen-0x0000000000000004
000000000000172c R_X86_64_PLT32    atoi-0x0000000000000004
0000000000001748 R_X86_64_32S      .rodata+0x0000000000000074
0000000000001750 R_X86_64_32S      .rodata+0x0000000000000079
0000000000001758 R_X86_64_32S      .rodata+0x000000000000007e
0000000000001760 R_X86_64_32S      .rodata+0x0000000000000083
0000000000001768 R_X86_64_32S      .rodata+0x0000000000000088
0000000000001770 R_X86_64_32S      .rodata+0x000000000000008d
0000000000001778 R_X86_64_32S      .rodata+0x0000000000000092
0000000000001780 R_X86_64_32S      .rodata+0x0000000000000097
00000000000017a2 R_X86_64_PLT32    strcmp-0x0000000000000004
00000000000017c7 R_X86_64_PC32     lexer-0x0000000000000004
00000000000017d5 R_X86_64_PC32     lexer-0x0000000000000004
00000000000017e3 R_X86_64_PC32     lexer-0x0000000000000004
00000000000017f1 R_X86_64_PC32     lexer-0x0000000000000004
00000000000017fe R_X86_64_PC32     lexer-0x0000000000000004
000000000000180b R_X86_64_PC32     lexer-0x0000000000000004
0000000000001819 R_X86_64_PC32     lexer-0x0000000000000004
0000000000001839 R_X86_64_PLT32    GetNextToken-0x0000000000000004
000000000000184d R_X86_64_PC32     lexer-0x0000000000000004
0000000000001863 R_X86_64_PLT32    strcpy-0x0000000000000004
0000000000001877 R_X86_64_PLT32    GetLookAheadChar-0x0000000000000004
000000000000188e R_X86_64_PLT32    GetNextToken-0x0000000000000004
0000000000001898 R_X86_64_PLT32    GetLookAheadChar-0x0000000000000004
00000000000018ac R_X86_64_PC32     lexer-0x0000000000000004
00000000000018bb R_X86_64_PC32     lexer-0x0000000000000004
00000000000018d4 R_X86_64_PLT32    AddLabel-0x0000000000000004
00000000000018e8 R_X86_64_32       .rodata+0x000000000000009c
00000000000018f2 R_X86_64_PLT32    printf-0x0000000000000004
00000000000018fe R_X86_64_PC32     lexer-0x0000000000000004
0000000000001914 R_X86_64_PLT32    AddFunction-0x0000000000000004
000000000000191e R_X86_64_PC32     lexer-0x0000000000000004
0000000000001935 R_X86_64_32       .rodata+0x00000000000000b2
000000000000193f R_X86_64_PLT32    printf-0x0000000000000004
000000000000194e R_X86_64_32       .rodata+0x00000000000000cb
0000000000001953 R_X86_64_PLT32    strcmp-0x0000000000000004
0000000000001962 R_X86_64_PC32     gScriptHeader-0x0000000000000004
0000000000001973 R_X86_64_PC32     gScriptHeader-0x0000000000000004
000000000000198b R_X86_64_PLT32    GetNextToken-0x0000000000000004
00000000000019a2 R_X86_64_PLT32    GetNextToken-0x0000000000000004
00000000000019b0 R_X86_64_32       .rodata+0x00000000000000d0
00000000000019b5 R_X86_64_32       .rodata+0x00000000000000d2
00000000000019bf R_X86_64_PLT32    printf-0x0000000000000004
00000000000019c9 R_X86_64_PLT32    exit-0x0000000000000004
00000000000019d3 R_X86_64_PLT32    GetNextToken-0x0000000000000004
00000000000019e1 R_X86_64_32       .rodata+0x00000000000000dd
00000000000019e6 R_X86_64_PLT32    puts-0x0000000000000004
00000000000019f0 R_X86_64_PLT32    exit-0x0000000000000004
00000000000019f7 R_X86_64_PC32     lexer-0x0000000000000004
0000000000001a0d R_X86_64_PLT32    AddString-0x0000000000000004
0000000000001a17 R_X86_64_PC32     lexer-0x0000000000000004
0000000000001a25 R_X86_64_32       .rodata+0x00000000000000ed
0000000000001a2f R_X86_64_PLT32    printf-0x0000000000000004
0000000000001a39 R_X86_64_PLT32    GetNextToken-0x0000000000000004
0000000000001a4b R_X86_64_32       .rodata+0x00000000000000d0
0000000000001a50 R_X86_64_32       .rodata+0x00000000000000d2
0000000000001a5a R_X86_64_PLT32    printf-0x0000000000000004
0000000000001a64 R_X86_64_PLT32    exit-0x0000000000000004
0000000000001a85 R_X86_64_PLT32    GetNextToken-0x0000000000000004
0000000000001a92 R_X86_64_PLT32    MALLOC-0x0000000000000004
0000000000001ab1 R_X86_64_PC32     lexer-0x0000000000000004
0000000000001abd R_X86_64_PLT32    atoi-0x0000000000000004
0000000000001aec R_X86_64_PLT32    GetCurrentTokenLexeme-0x0000000000000004
0000000000001b03 R_X86_64_PLT32    GetString-0x0000000000000004
0000000000001b1a R_X86_64_PLT32    GetSymbol-0x0000000000000004
0000000000001b44 R_X86_64_32       .rodata+0x0000000000000103
0000000000001b49 R_X86_64_PLT32    puts-0x0000000000000004
0000000000001b53 R_X86_64_PLT32    exit-0x0000000000000004
0000000000001b6b R_X86_64_32       .rodata+0x0000000000000116
0000000000001b70 R_X86_64_PLT32    puts-0x0000000000000004
0000000000001b7a R_X86_64_PLT32    exit-0x0000000000000004
0000000000001b8a R_X86_64_32       .rodata+0x0000000000000127
0000000000001b8f R_X86_64_PLT32    puts-0x0000000000000004
0000000000001b99 R_X86_64_PLT32    exit-0x0000000000000004
0000000000001bb2 R_X86_64_PLT32    AddSymbol-0x0000000000000004
0000000000001bbc R_X86_64_PC32     lexer-0x0000000000000004
0000000000001bd2 R_X86_64_32       .rodata+0x0000000000000140
0000000000001bdc R_X86_64_PLT32    printf-0x0000000000000004
0000000000001be8 R_X86_64_PC32     lexer-0x0000000000000004
0000000000001bf4 R_X86_64_32       .rodata+0x0000000000000023
0000000000001bf9 R_X86_64_PLT32    strcmp-0x0000000000000004
0000000000001c08 R_X86_64_PC32     lexer-0x0000000000000004
0000000000001c28 R_X86_64_PLT32    RestLexer-0x0000000000000004
0000000000001c39 R_X86_64_PLT32    GetNextToken-0x0000000000000004
0000000000001c62 R_X86_64_PLT32    GetCurrentTokenLexeme-0x0000000000000004
0000000000001c75 R_X86_64_32       .rodata+0x000000000000016a
0000000000001c7d R_X86_64_PLT32    strcmp-0x0000000000000004
0000000000001c9a R_X86_64_PLT32    GetFunction-0x0000000000000004
0000000000001cb0 R_X86_64_PLT32    GetLabel-0x0000000000000004
0000000000001cd0 R_X86_64_PLT32    memset-0x0000000000000004
0000000000001cf3 R_X86_64_PLT32    GetInstrByMnemonic-0x0000000000000004
0000000000001d0c R_X86_64_32       .rodata+0x000000000000016e
0000000000001d16 R_X86_64_PLT32    printf-0x0000000000000004
0000000000001d1d R_X86_64_PC32     lexer-0x0000000000000004
0000000000001d46 R_X86_64_32       .rodata+0x0000000000000181
0000000000001d50 R_X86_64_PLT32    printf-0x0000000000000004
0000000000001d5e R_X86_64_PC32     currentLabel-0x0000000000000004
0000000000001d65 R_X86_64_PC32     currentLabel-0x0000000000000004
0000000000001d8d R_X86_64_32       .rodata+0x0000000000000195
0000000000001d97 R_X86_64_PLT32    printf-0x0000000000000004
0000000000001da3 R_X86_64_32       .rodata+0x000000000000001e
0000000000001dab R_X86_64_PLT32    strcmp-0x0000000000000004
0000000000001dc0 R_X86_64_PC32     currentLabel-0x0000000000000004
0000000000001dcc R_X86_64_PC32     currentLabel-0x0000000000000004
0000000000001ddd R_X86_64_PC32     instrStreamIndex-0x0000000000000004
0000000000001de4 R_X86_64_PC32     currentLabel-0x0000000000000004
0000000000001df1 R_X86_64_PC32     lexer-0x0000000000000004
0000000000001dfe R_X86_64_32       .rodata+0x00000000000001a9
0000000000001e03 R_X86_64_PLT32    puts-0x0000000000000004
0000000000001e0d R_X86_64_PLT32    exit-0x0000000000000004
0000000000001e14 R_X86_64_PC32     lexer-0x0000000000000004
0000000000001e1e R_X86_64_PLT32    GetFunctionByIndex-0x0000000000000004
0000000000001e47 R_X86_64_PC32     instrStreamIndex-0x0000000000000004
0000000000001e68 R_X86_64_PC32     instrStreamIndex-0x0000000000000004
0000000000001e7b R_X86_64_32S      InstrStream
0000000000001e83 R_X86_64_PC32     instrStreamIndex-0x0000000000000004
0000000000001e90 R_X86_64_32S      InstrStream+0x0000000000000004
0000000000001eaa R_X86_64_PLT32    MALLOC-0x0000000000000004
0000000000001ec7 R_X86_64_PLT32    GetNextToken-0x0000000000000004
0000000000001ed4 R_X86_64_PLT32    GetCurrentTokenLexeme-0x0000000000000004
0000000000001f15 R_X86_64_PLT32    GetImmediateVal-0x0000000000000004
0000000000001f78 R_X86_64_PLT32    GetRegIndex-0x0000000000000004
0000000000001f8c R_X86_64_32       .rodata+0x00000000000001c7
0000000000001f91 R_X86_64_PLT32    puts-0x0000000000000004
0000000000001f9b R_X86_64_PLT32    exit-0x0000000000000004
0000000000001fef R_X86_64_PLT32    GetFunction-0x0000000000000004
000000000000205e R_X86_64_PLT32    GetLabel-0x0000000000000004
0000000000002095 R_X86_64_32       .rodata+0x00000000000001d8
000000000000209f R_X86_64_PLT32    printf-0x0000000000000004
00000000000020a9 R_X86_64_PLT32    exit-0x0000000000000004
0000000000002120 R_X86_64_32       .rodata+0x00000000000001ec
000000000000212a R_X86_64_PLT32    printf-0x0000000000000004
0000000000002155 R_X86_64_PLT32    strlen-0x0000000000000004
00000000000021b4 R_X86_64_PLT32    atoi-0x0000000000000004
00000000000021c4 R_X86_64_PLT32    GetLookAheadChar-0x0000000000000004
00000000000021d2 R_X86_64_32       .rodata+0x00000000000001ff
00000000000021d7 R_X86_64_PLT32    puts-0x0000000000000004
00000000000021e1 R_X86_64_PLT32    exit-0x0000000000000004
00000000000021eb R_X86_64_PLT32    GetNextToken-0x0000000000000004
00000000000021f5 R_X86_64_PLT32    GetNextToken-0x0000000000000004
0000000000002203 R_X86_64_32       .rodata+0x0000000000000208
0000000000002208 R_X86_64_PLT32    puts-0x0000000000000004
0000000000002212 R_X86_64_PLT32    exit-0x0000000000000004
000000000000221c R_X86_64_PLT32    GetCurrentTokenLexeme-0x0000000000000004
0000000000002231 R_X86_64_PLT32    strcpy-0x0000000000000004
000000000000223b R_X86_64_PLT32    GetLookAheadChar-0x0000000000000004
0000000000002249 R_X86_64_32       .rodata+0x00000000000001ff
000000000000224e R_X86_64_PLT32    puts-0x0000000000000004
0000000000002258 R_X86_64_PLT32    exit-0x0000000000000004
0000000000002262 R_X86_64_PLT32    GetNextToken-0x0000000000000004
00000000000022a4 R_X86_64_PLT32    GetRegIndex-0x0000000000000004
00000000000022de R_X86_64_PLT32    GetNextToken-0x0000000000000004
00000000000022f7 R_X86_64_PC32     instrStreamIndex-0x0000000000000004
0000000000002304 R_X86_64_32S      InstrStream+0x0000000000000008
0000000000002314 R_X86_64_PC32     instrStreamIndex-0x0000000000000004
000000000000231d R_X86_64_PC32     instrStreamIndex-0x0000000000000004
000000000000233e R_X86_64_32S      InstrStream
00000000000023a3 R_X86_64_PLT32    GetLabelByIndex-0x0000000000000004
00000000000023d3 R_X86_64_32       .rodata+0x0000000000000218
00000000000023dd R_X86_64_PLT32    printf-0x0000000000000004
00000000000023e7 R_X86_64_PLT32    exit-0x0000000000000004
0000000000002405 R_X86_64_32       .rodata+0x000000000000023f
000000000000240a R_X86_64_PLT32    puts-0x0000000000000004
0000000000002414 R_X86_64_PLT32    exit-0x0000000000000004
0000000000002431 R_X86_64_PC32     instrStreamIndex-0x0000000000000004
000000000000243f R_X86_64_PC32     instrStreamIndex-0x0000000000000004
0000000000002446 R_X86_64_PC32     gScriptHeader-0x0000000000000004
0000000000002451 R_X86_64_32       .rodata+0x000000000000024d
0000000000002456 R_X86_64_PLT32    puts-0x0000000000000004
0000000000002471 R_X86_64_32       .rodata+0x0000000000000265
0000000000002476 R_X86_64_PLT32    puts-0x0000000000000004
0000000000002480 R_X86_64_PLT32    RestLexer-0x0000000000000004
00000000000024a9 R_X86_64_PLT32    GetNextTokenExceptNewLine-0x0000000000000004
00000000000024ca R_X86_64_PLT32    GetLookAheadToken-0x0000000000000004
00000000000024de R_X86_64_32       .rodata+0x000000000000027a
00000000000024e3 R_X86_64_PLT32    puts-0x0000000000000004
00000000000024f3 R_X86_64_PLT32    GetNextTokenExceptNewLine-0x0000000000000004
0000000000002500 R_X86_64_PLT32    GetCurrentTokenLexeme-0x0000000000000004
000000000000250e R_X86_64_PLT32    GetNextTokenExceptNewLine-0x0000000000000004
000000000000251b R_X86_64_PLT32    GetNextTokenExceptNewLine-0x0000000000000004
0000000000002528 R_X86_64_PLT32    GetCurrentTokenLexeme-0x0000000000000004
0000000000002542 R_X86_64_PLT32    GetNextTokenExceptNewLine-0x0000000000000004
000000000000254f R_X86_64_PLT32    GetNextTokenExceptNewLine-0x0000000000000004
000000000000255c R_X86_64_PLT32    GetCurrentTokenLexeme-0x0000000000000004
000000000000256a R_X86_64_PLT32    GetNextTokenExceptNewLine-0x0000000000000004
0000000000002579 R_X86_64_PLT32    strlen-0x0000000000000004
0000000000002583 R_X86_64_PC32     fp-0x0000000000000004
000000000000259d R_X86_64_PLT32    fwrite-0x0000000000000004
00000000000025b9 R_X86_64_PLT32    GetNextTokenExceptNewLine-0x0000000000000004
00000000000025c6 R_X86_64_PLT32    GetCurrentTokenLexeme-0x0000000000000004
00000000000025d4 R_X86_64_PLT32    GetDataTypeSize-0x0000000000000004
00000000000025e9 R_X86_64_PLT32    atoi-0x0000000000000004
00000000000025f6 R_X86_64_PC32     fp-0x0000000000000004
0000000000002613 R_X86_64_PLT32    fwrite-0x0000000000000004
0000000000002634 R_X86_64_PLT32    atoi-0x0000000000000004
0000000000002641 R_X86_64_PC32     fp-0x0000000000000004
000000000000265e R_X86_64_PLT32    fwrite-0x0000000000000004
000000000000267f R_X86_64_PLT32    AddVariable-0x0000000000000004
000000000000269c R_X86_64_32       .rodata+0x0000000000000288
00000000000026a6 R_X86_64_PLT32    printf-0x0000000000000004
00000000000026c1 R_X86_64_PLT32    GetLookAheadToken-0x0000000000000004
00000000000026e7 R_X86_64_PLT32    GetNextTokenExceptNewLine-0x0000000000000004
00000000000026f4 R_X86_64_PLT32    GetNextTokenExceptNewLine-0x0000000000000004
0000000000002701 R_X86_64_PLT32    GetCurrentTokenLexeme-0x0000000000000004
000000000000270f R_X86_64_PLT32    GetNextTokenExceptNewLine-0x0000000000000004
000000000000271c R_X86_64_PLT32    GetNextTokenExceptNewLine-0x0000000000000004
0000000000002729 R_X86_64_PLT32    GetCurrentTokenLexeme-0x0000000000000004
000000000000273d R_X86_64_PLT32    GetNextTokenExceptNewLine-0x0000000000000004
000000000000274a R_X86_64_PLT32    GetCurrentTokenLexeme-0x0000000000000004
000000000000275e R_X86_64_PLT32    GetDataTypeSize-0x0000000000000004
0000000000002775 R_X86_64_PLT32    AddVariable-0x0000000000000004
0000000000002792 R_X86_64_32       .rodata+0x0000000000000288
000000000000279c R_X86_64_PLT32    printf-0x0000000000000004
00000000000027bf R_X86_64_PLT32    GetVariable-0x0000000000000004
00000000000027d6 R_X86_64_32       .rodata+0x00000000000002cc
00000000000027e0 R_X86_64_PLT32    printf-0x0000000000000004
00000000000027ea R_X86_64_PLT32    exit-0x0000000000000004
00000000000027f1 R_X86_64_PC32     fp-0x0000000000000004
000000000000280e R_X86_64_PLT32    fwrite-0x0000000000000004
000000000000283c R_X86_64_PLT32    atoi-0x0000000000000004
0000000000002849 R_X86_64_PC32     fp-0x0000000000000004
0000000000002866 R_X86_64_PLT32    fwrite-0x0000000000000004
0000000000002887 R_X86_64_PLT32    atoi-0x0000000000000004
0000000000002894 R_X86_64_PC32     fp-0x0000000000000004
00000000000028b1 R_X86_64_PLT32    fwrite-0x0000000000000004
00000000000028c8 R_X86_64_PLT32    GetLookAheadToken-0x0000000000000004
00000000000028e5 R_X86_64_PLT32    GetNextTokenExceptNewLine-0x0000000000000004
00000000000028f2 R_X86_64_PLT32    GetCurrentTokenLexeme-0x0000000000000004
0000000000002906 R_X86_64_PLT32    GetDataTypeSize-0x0000000000000004
0000000000002913 R_X86_64_PLT32    GetNextTokenExceptNewLine-0x0000000000000004
0000000000002920 R_X86_64_PLT32    GetCurrentTokenLexeme-0x0000000000000004
000000000000293a R_X86_64_32       .rodata+0x00000000000002e8
0000000000002944 R_X86_64_PLT32    printf-0x0000000000000004
0000000000002956 R_X86_64_PLT32    GetVariable-0x0000000000000004
000000000000296d R_X86_64_32       .rodata+0x00000000000002cc
0000000000002977 R_X86_64_PLT32    printf-0x0000000000000004
0000000000002981 R_X86_64_PLT32    exit-0x0000000000000004
0000000000002988 R_X86_64_PC32     fp-0x0000000000000004
00000000000029a5 R_X86_64_PLT32    fwrite-0x0000000000000004
00000000000029da R_X86_64_PLT32    atoi-0x0000000000000004
00000000000029e7 R_X86_64_PC32     fp-0x0000000000000004
0000000000002a04 R_X86_64_PLT32    fwrite-0x0000000000000004
0000000000002a25 R_X86_64_PLT32    atoi-0x0000000000000004
0000000000002a32 R_X86_64_PC32     fp-0x0000000000000004
0000000000002a4f R_X86_64_PLT32    fwrite-0x0000000000000004
0000000000002a89 R_X86_64_32       .rodata+0x000000000000030c
0000000000002a93 R_X86_64_PLT32    printf-0x0000000000000004
0000000000002a9a R_X86_64_PC32     VariableTable-0x0000000000000004
0000000000002aaa R_X86_64_PC32     fp-0x0000000000000004
0000000000002ac6 R_X86_64_PLT32    fwrite-0x0000000000000004
0000000000002acd R_X86_64_PC32     VariableTable-0x0000000000000004
0000000000002af7 R_X86_64_PLT32    strlen-0x0000000000000004
0000000000002b04 R_X86_64_PC32     fp-0x0000000000000004
0000000000002b20 R_X86_64_PLT32    fwrite-0x0000000000000004
0000000000002b27 R_X86_64_PC32     fp-0x0000000000000004
0000000000002b44 R_X86_64_PLT32    fwrite-0x0000000000000004
0000000000002b4b R_X86_64_PC32     fp-0x0000000000000004
0000000000002b68 R_X86_64_PLT32    fwrite-0x0000000000000004
0000000000002b8e R_X86_64_PC32     fp-0x0000000000000004
0000000000002b96 R_X86_64_PLT32    rewind-0x0000000000000004
0000000000002b9d R_X86_64_PC32     fp-0x0000000000000004
0000000000002bb9 R_X86_64_PLT32    fwrite-0x0000000000000004
0000000000002bc6 R_X86_64_32       .rodata+0x0000000000000318
0000000000002bd0 R_X86_64_PLT32    printf-0x0000000000000004
0000000000002bdd R_X86_64_32       .rodata+0x000000000000032a
0000000000002be7 R_X86_64_PLT32    printf-0x0000000000000004
0000000000002bfa R_X86_64_32       .rodata+0x0000000000000338
0000000000002bff R_X86_64_32       .rodata+0x000000000000033b
0000000000002c04 R_X86_64_PLT32    fopen-0x0000000000000004
0000000000002c0b R_X86_64_PC32     fp-0x0000000000000004
0000000000002c12 R_X86_64_PC32     fp-0x0000000000000004
0000000000002c1c R_X86_64_32       .rodata+0x0000000000000344
0000000000002c21 R_X86_64_PLT32    puts-0x0000000000000004
0000000000002c2b R_X86_64_PLT32    exit-0x0000000000000004
0000000000002c32 R_X86_64_PC32     gScriptHeader-0x0000000000000004
0000000000002c3f R_X86_64_PC32     fp-0x0000000000000004
0000000000002c46 R_X86_64_PC32     gScriptHeader-0x0000000000000004
0000000000002c5b R_X86_64_PLT32    fwrite-0x0000000000000004
0000000000002c62 R_X86_64_PC32     fp-0x0000000000000004
0000000000002c69 R_X86_64_PC32     gScriptHeader-0x0000000000000004
0000000000002c7f R_X86_64_PLT32    fwrite-0x0000000000000004
0000000000002c86 R_X86_64_PC32     fp-0x0000000000000004
0000000000002c8d R_X86_64_PC32     gScriptHeader-0x0000000000000004
0000000000002ca6 R_X86_64_PLT32    fwrite-0x0000000000000004
0000000000002cad R_X86_64_PC32     fp-0x0000000000000004
0000000000002cb4 R_X86_64_PC32     gScriptHeader-0x0000000000000004
0000000000002ccd R_X86_64_PLT32    fwrite-0x0000000000000004
0000000000002cd4 R_X86_64_PC32     fp-0x0000000000000004
0000000000002cdb R_X86_64_PC32     gScriptHeader-0x0000000000000004
0000000000002cf4 R_X86_64_PLT32    fwrite-0x0000000000000004
0000000000002cfb R_X86_64_PC32     fp-0x0000000000000004
0000000000002d02 R_X86_64_PC32     gScriptHeader-0x0000000000000004
0000000000002d1b R_X86_64_PLT32    fwrite-0x0000000000000004
0000000000002d22 R_X86_64_PC32     fp-0x0000000000000004
0000000000002d29 R_X86_64_PC32     gScriptHeader-0x0000000000000004
0000000000002d42 R_X86_64_PLT32    fwrite-0x0000000000000004
0000000000002d5d R_X86_64_32S      InstrStream
0000000000002d79 R_X86_64_PC32     fp-0x0000000000000004
0000000000002d95 R_X86_64_PLT32    fwrite-0x0000000000000004
0000000000002d9c R_X86_64_PC32     fp-0x0000000000000004
0000000000002db9 R_X86_64_PLT32    fwrite-0x0000000000000004
0000000000002e85 R_X86_64_32S      .rodata+0x0000000000000378
0000000000002e8e R_X86_64_PC32     fp-0x0000000000000004
0000000000002ea7 R_X86_64_PLT32    fwrite-0x0000000000000004
0000000000002eae R_X86_64_PC32     fp-0x0000000000000004
0000000000002ec8 R_X86_64_PLT32    fwrite-0x0000000000000004
0000000000002ed4 R_X86_64_PC32     fp-0x0000000000000004
0000000000002eed R_X86_64_PLT32    fwrite-0x0000000000000004
0000000000002ef4 R_X86_64_PC32     fp-0x0000000000000004
0000000000002f0e R_X86_64_PLT32    fwrite-0x0000000000000004
0000000000002f1a R_X86_64_PC32     fp-0x0000000000000004
0000000000002f33 R_X86_64_PLT32    fwrite-0x0000000000000004
0000000000002f3a R_X86_64_PC32     fp-0x0000000000000004
0000000000002f54 R_X86_64_PLT32    fwrite-0x0000000000000004
0000000000002f60 R_X86_64_PC32     fp-0x0000000000000004
0000000000002f79 R_X86_64_PLT32    fwrite-0x0000000000000004
0000000000002f80 R_X86_64_PC32     fp-0x0000000000000004
0000000000002f9a R_X86_64_PLT32    fwrite-0x0000000000000004
0000000000002fa6 R_X86_64_PC32     fp-0x0000000000000004
0000000000002fbf R_X86_64_PLT32    fwrite-0x0000000000000004
0000000000002fc6 R_X86_64_PC32     fp-0x0000000000000004
0000000000002fe0 R_X86_64_PLT32    fwrite-0x0000000000000004
0000000000002fec R_X86_64_PC32     fp-0x0000000000000004
0000000000003005 R_X86_64_PLT32    fwrite-0x0000000000000004
000000000000300c R_X86_64_PC32     fp-0x0000000000000004
0000000000003026 R_X86_64_PLT32    fwrite-0x0000000000000004
0000000000003032 R_X86_64_PC32     fp-0x0000000000000004
000000000000304b R_X86_64_PLT32    fwrite-0x0000000000000004
0000000000003052 R_X86_64_PC32     fp-0x0000000000000004
000000000000306c R_X86_64_PLT32    fwrite-0x0000000000000004
00000000000030af R_X86_64_PC32     fp-0x0000000000000004
00000000000030cb R_X86_64_PLT32    fwrite-0x0000000000000004
00000000000030d8 R_X86_64_PC32     fp-0x0000000000000004
00000000000030f1 R_X86_64_PLT32    fwrite-0x0000000000000004
00000000000030f9 R_X86_64_32S      .rodata+0x000000000000035a
0000000000003105 R_X86_64_PLT32    strlen-0x0000000000000004
000000000000311c R_X86_64_PC32     fp-0x0000000000000004
0000000000003138 R_X86_64_PLT32    fwrite-0x0000000000000004
000000000000313f R_X86_64_PC32     fp-0x0000000000000004
0000000000003160 R_X86_64_PLT32    fwrite-0x0000000000000004
0000000000003168 R_X86_64_32       .rodata+0x000000000000035f
000000000000316d R_X86_64_PLT32    puts-0x0000000000000004
0000000000003177 R_X86_64_PLT32    exit-0x0000000000000004
0000000000003195 R_X86_64_PC32     instrStreamIndex-0x0000000000000004
00000000000031a4 R_X86_64_PC32     StringTable-0x0000000000000004
00000000000031b4 R_X86_64_PC32     fp-0x0000000000000004
00000000000031d0 R_X86_64_PLT32    fwrite-0x0000000000000004
00000000000031d7 R_X86_64_PC32     StringTable-0x0000000000000004
0000000000003207 R_X86_64_PLT32    strlen-0x0000000000000004
0000000000003214 R_X86_64_PC32     fp-0x0000000000000004
0000000000003230 R_X86_64_PLT32    fwrite-0x0000000000000004
0000000000003237 R_X86_64_PC32     fp-0x0000000000000004
000000000000325a R_X86_64_PLT32    fwrite-0x0000000000000004
0000000000003280 R_X86_64_PC32     SymbolTable-0x0000000000000004
0000000000003290 R_X86_64_PC32     fp-0x0000000000000004
00000000000032ac R_X86_64_PLT32    fwrite-0x0000000000000004
00000000000032b3 R_X86_64_PC32     SymbolTable-0x0000000000000004
00000000000032d5 R_X86_64_PC32     fp-0x0000000000000004
00000000000032f2 R_X86_64_PLT32    fwrite-0x0000000000000004
00000000000032f9 R_X86_64_PC32     fp-0x0000000000000004
0000000000003319 R_X86_64_PLT32    fwrite-0x0000000000000004
000000000000333b R_X86_64_PC32     FunctionTable-0x0000000000000004
000000000000334b R_X86_64_PC32     fp-0x0000000000000004
0000000000003367 R_X86_64_PLT32    fwrite-0x0000000000000004
000000000000336e R_X86_64_PC32     FunctionTable-0x0000000000000004
00000000000033ac R_X86_64_PLT32    strlen-0x0000000000000004
00000000000033b9 R_X86_64_PC32     fp-0x0000000000000004
00000000000033d5 R_X86_64_PLT32    fwrite-0x0000000000000004
00000000000033dc R_X86_64_PC32     fp-0x0000000000000004
00000000000033fc R_X86_64_PLT32    fwrite-0x0000000000000004
0000000000003403 R_X86_64_PC32     fp-0x0000000000000004
0000000000003423 R_X86_64_PLT32    fwrite-0x0000000000000004
000000000000342a R_X86_64_PC32     fp-0x0000000000000004
000000000000344a R_X86_64_PLT32    fwrite-0x0000000000000004
0000000000003473 R_X86_64_PLT32    SaveVariable-0x0000000000000004
000000000000348c R_X86_64_32       .rodata+0x00000000000003d0
0000000000003494 R_X86_64_PLT32    fopen-0x0000000000000004
00000000000034ab R_X86_64_32       .rodata+0x00000000000003d3
00000000000034b5 R_X86_64_PLT32    printf-0x0000000000000004
00000000000034bf R_X86_64_PLT32    exit-0x0000000000000004
00000000000034d4 R_X86_64_PLT32    fgetc-0x0000000000000004
00000000000034e9 R_X86_64_PLT32    feof-0x0000000000000004
00000000000034f4 R_X86_64_PC32     lexer-0x0000000000000004
0000000000003504 R_X86_64_32       .rodata+0x00000000000003e4
000000000000350e R_X86_64_PLT32    printf-0x0000000000000004
000000000000351a R_X86_64_PLT32    fclose-0x0000000000000004
0000000000003529 R_X86_64_PLT32    MALLOC-0x0000000000000004
0000000000003530 R_X86_64_PC32     sourceCode-0x0000000000000004
0000000000003539 R_X86_64_32       .rodata+0x00000000000003f2
0000000000003541 R_X86_64_PLT32    fopen-0x0000000000000004
0000000000003555 R_X86_64_PC32     sourceCode-0x0000000000000004
000000000000356d R_X86_64_PLT32    MALLOC-0x0000000000000004
0000000000003577 R_X86_64_PC32     sourceCode-0x0000000000000004
0000000000003598 R_X86_64_PLT32    fgets-0x0000000000000004
000000000000359f R_X86_64_PC32     sourceCode-0x0000000000000004
00000000000035b7 R_X86_64_PLT32    TrimWhitespace-0x0000000000000004
00000000000035cf R_X86_64_PLT32    fclose-0x0000000000000004
00000000000035e9 R_X86_64_PC32     CurrentHeap-0x0000000000000004
00000000000035f6 R_X86_64_PLT32    HeapAllocate-0x0000000000000004
0000000000003613 R_X86_64_PLT32    memset-0x0000000000000004
0000000000003650 R_X86_64_PLT32    malloc-0x0000000000000004
0000000000003671 R_X86_64_32       .rodata+0x00000000000003f4
0000000000003676 R_X86_64_PLT32    puts-0x0000000000000004
0000000000003680 R_X86_64_PLT32    exit-0x0000000000000004
0000000000003737 R_X86_64_PC32     CurrentHeap-0x0000000000000008
000000000000373b R_X86_64_32S      ProgramHeap
0000000000003753 R_X86_64_32       .rodata+0x0000000000000407
000000000000375d R_X86_64_PLT32    printf-0x0000000000000004
0000000000003767 R_X86_64_PLT32    MALLOC-0x0000000000000004
000000000000376e R_X86_64_PC32     lexer-0x0000000000000004
0000000000003778 R_X86_64_PLT32    Init-0x0000000000000004
0000000000003784 R_X86_64_PLT32    LoadFile-0x0000000000000004
000000000000378e R_X86_64_PLT32    AssmblSourceFile-0x0000000000000004
0000000000003794 R_X86_64_PC32     instrStreamIndex-0x0000000000000004
000000000000379b R_X86_64_32       .rodata+0x0000000000000416
00000000000037a5 R_X86_64_PLT32    printf-0x0000000000000004
00000000000037af R_X86_64_PLT32    BuildXE-0x0000000000000004


RELOCATION RECORDS FOR [.data]:
OFFSET           TYPE              VALUE 
0000000000000000 R_X86_64_64       ProgramHeap+0x0000000000000008


RELOCATION RECORDS FOR [.rodata]:
OFFSET           TYPE              VALUE 
0000000000000378 R_X86_64_64       .text+0x0000000000002e8b
0000000000000380 R_X86_64_64       .text+0x0000000000002ed1
0000000000000388 R_X86_64_64       .text+0x0000000000002f17
0000000000000390 R_X86_64_64       .text+0x000000000000317b
0000000000000398 R_X86_64_64       .text+0x000000000000317b
00000000000003a0 R_X86_64_64       .text+0x0000000000002f5d
00000000000003a8 R_X86_64_64       .text+0x0000000000002fa3
00000000000003b0 R_X86_64_64       .text+0x0000000000002fe9
00000000000003b8 R_X86_64_64       .text+0x000000000000302f
00000000000003c0 R_X86_64_64       .text+0x0000000000003167
00000000000003c8 R_X86_64_64       .text+0x00000000000030d5


RELOCATION RECORDS FOR [.eh_frame]:
OFFSET           TYPE              VALUE 
0000000000000020 R_X86_64_PC32     .text
0000000000000040 R_X86_64_PC32     .text+0x000000000000002f
0000000000000060 R_X86_64_PC32     .text+0x00000000000000e7
0000000000000080 R_X86_64_PC32     .text+0x0000000000000171
00000000000000a0 R_X86_64_PC32     .text+0x00000000000001a7
00000000000000c0 R_X86_64_PC32     .text+0x0000000000000332
00000000000000e0 R_X86_64_PC32     .text+0x0000000000000403
0000000000000100 R_X86_64_PC32     .text+0x0000000000000426
0000000000000120 R_X86_64_PC32     .text+0x0000000000000473
0000000000000140 R_X86_64_PC32     .text+0x00000000000004a8
0000000000000160 R_X86_64_PC32     .text+0x00000000000004cb
0000000000000180 R_X86_64_PC32     .text+0x000000000000056c
00000000000001a0 R_X86_64_PC32     .text+0x000000000000057b
00000000000001c0 R_X86_64_PC32     .text+0x000000000000060c
00000000000001e0 R_X86_64_PC32     .text+0x000000000000067a
0000000000000200 R_X86_64_PC32     .text+0x00000000000006ca
0000000000000220 R_X86_64_PC32     .text+0x00000000000007df
0000000000000240 R_X86_64_PC32     .text+0x000000000000082c
0000000000000264 R_X86_64_PC32     .text+0x00000000000008e1
0000000000000284 R_X86_64_PC32     .text+0x00000000000009af
00000000000002a4 R_X86_64_PC32     .text+0x0000000000000a36
00000000000002c4 R_X86_64_PC32     .text+0x0000000000000aac
00000000000002e4 R_X86_64_PC32     .text+0x0000000000000b14
0000000000000304 R_X86_64_PC32     .text+0x0000000000000b8b
0000000000000324 R_X86_64_PC32     .text+0x0000000000000c02
0000000000000344 R_X86_64_PC32     .text+0x0000000000000c86
0000000000000364 R_X86_64_PC32     .text+0x0000000000000cd5
0000000000000384 R_X86_64_PC32     .text+0x0000000000000d3b
00000000000003a4 R_X86_64_PC32     .text+0x0000000000000dbf
00000000000003c4 R_X86_64_PC32     .text+0x0000000000000e2f
00000000000003e4 R_X86_64_PC32     .text+0x0000000000000ea7
0000000000000404 R_X86_64_PC32     .text+0x0000000000000f25
0000000000000424 R_X86_64_PC32     .text+0x0000000000000f9c
0000000000000444 R_X86_64_PC32     .text+0x0000000000001679
0000000000000464 R_X86_64_PC32     .text+0x00000000000016a8
0000000000000484 R_X86_64_PC32     .text+0x00000000000016de
00000000000004a4 R_X86_64_PC32     .text+0x0000000000001738
00000000000004c4 R_X86_64_PC32     .text+0x00000000000017c0
00000000000004e4 R_X86_64_PC32     .text+0x0000000000001827
0000000000000508 R_X86_64_PC32     .text+0x0000000000002465
0000000000000528 R_X86_64_PC32     .text+0x0000000000002bee
0000000000000548 R_X86_64_PC32     .text+0x000000000000347a
000000000000056c R_X86_64_PC32     .text+0x00000000000035db
000000000000058c R_X86_64_PC32     .text+0x000000000000361d
00000000000005ac R_X86_64_PC32     .text+0x0000000000003725


